TimeQuest Timing Analyzer report for braindrop
Thu Jul 27 15:47:43 2017
Quartus Prime Version 17.0.0 Build 595 04/25/2017 SJ Standard Edition


---------------------
; Table of Contents ;
---------------------
  1. Legal Notice
  2. TimeQuest Timing Analyzer Summary
  3. Parallel Compilation
  4. Clocks
  5. Slow 900mV 100C Model Fmax Summary
  6. Timing Closure Recommendations
  7. Slow 900mV 100C Model Setup Summary
  8. Slow 900mV 100C Model Hold Summary
  9. Slow 900mV 100C Model Recovery Summary
 10. Slow 900mV 100C Model Removal Summary
 11. Slow 900mV 100C Model Minimum Pulse Width Summary
 12. Slow 900mV 100C Model Metastability Summary
 13. Slow 900mV -40C Model Fmax Summary
 14. Slow 900mV -40C Model Setup Summary
 15. Slow 900mV -40C Model Hold Summary
 16. Slow 900mV -40C Model Recovery Summary
 17. Slow 900mV -40C Model Removal Summary
 18. Slow 900mV -40C Model Minimum Pulse Width Summary
 19. Slow 900mV -40C Model Metastability Summary
 20. Fast 900mV 100C Model Setup Summary
 21. Fast 900mV 100C Model Hold Summary
 22. Fast 900mV 100C Model Recovery Summary
 23. Fast 900mV 100C Model Removal Summary
 24. Fast 900mV 100C Model Minimum Pulse Width Summary
 25. Fast 900mV 100C Model Metastability Summary
 26. Fast 900mV -40C Model Setup Summary
 27. Fast 900mV -40C Model Hold Summary
 28. Fast 900mV -40C Model Recovery Summary
 29. Fast 900mV -40C Model Removal Summary
 30. Fast 900mV -40C Model Minimum Pulse Width Summary
 31. Fast 900mV -40C Model Metastability Summary
 32. Multicorner Timing Analysis Summary
 33. Board Trace Model Assignments
 34. Input Transition Times
 35. Signal Integrity Metrics (Slow 900mv 100c Model)
 36. Signal Integrity Metrics (Fast 900mv n40c Model)
 37. Setup Transfers
 38. Hold Transfers
 39. Unconstrained Paths Summary
 40. Clock Status Summary
 41. Unconstrained Input Ports
 42. Unconstrained Output Ports
 43. Unconstrained Input Ports
 44. Unconstrained Output Ports
 45. TimeQuest Timing Analyzer Messages



----------------
; Legal Notice ;
----------------
Copyright (C) 2017  Intel Corporation. All rights reserved.
Your use of Intel Corporation's design tools, logic functions 
and other software and tools, and its AMPP partner logic 
functions, and any output files from any of the foregoing 
(including device programming or simulation files), and any 
associated documentation or information are expressly subject 
to the terms and conditions of the Intel Program License 
Subscription Agreement, the Intel Quartus Prime License Agreement,
the Intel MegaCore Function License Agreement, or other 
applicable license agreement, including, without limitation, 
that your use is for the sole purpose of programming logic 
devices manufactured by Intel and sold by Intel or its 
authorized distributors.  Please refer to the applicable 
agreement for further details.



+---------------------------------------------------------------------------------+
; TimeQuest Timing Analyzer Summary                                               ;
+-----------------------+---------------------------------------------------------+
; Quartus Prime Version ; Version 17.0.0 Build 595 04/25/2017 SJ Standard Edition ;
; Timing Analyzer       ; TimeQuest Spectra-Q                                     ;
; Revision Name         ; braindrop                                               ;
; Device Family         ; Arria 10                                                ;
; Device Name           ; 10AX115S2F45I1SG                                        ;
; Timing Models         ; Final                                                   ;
; Delay Model           ; Combined                                                ;
; Rise/Fall Delays      ; Enabled                                                 ;
+-----------------------+---------------------------------------------------------+


+------------------------------------------+
; Parallel Compilation                     ;
+----------------------------+-------------+
; Processors                 ; Number      ;
+----------------------------+-------------+
; Number detected on machine ; 8           ;
; Maximum allowed            ; 4           ;
;                            ;             ;
; Average used               ; 1.00        ;
; Maximum used               ; 4           ;
;                            ;             ;
; Usage by Processor         ; % Time Used ;
;     Processor 1            ; 100.0%      ;
;     Processors 2-4         ;   0.0%      ;
+----------------------------+-------------+


+---------------------------------------------------------------------------------------------------------------------------------------------------------------------------------+
; Clocks                                                                                                                                                                          ;
+------------+------+--------+------------+-------+-------+------------+-----------+-------------+-------+--------+-----------+------------+----------+--------+--------+---------+
; Clock Name ; Type ; Period ; Frequency  ; Rise  ; Fall  ; Duty Cycle ; Divide by ; Multiply by ; Phase ; Offset ; Edge List ; Edge Shift ; Inverted ; Master ; Source ; Targets ;
+------------+------+--------+------------+-------+-------+------------+-----------+-------------+-------+--------+-----------+------------+----------+--------+--------+---------+
; clk        ; Base ; 1.000  ; 1000.0 MHz ; 0.000 ; 0.500 ;            ;           ;             ;       ;        ;           ;            ;          ;        ;        ; { clk } ;
+------------+------+--------+------------+-------+-------+------------+-----------+-------------+-------+--------+-----------+------------+----------+--------+--------+---------+


+--------------------------------------------------------------------------------------------+
; Slow 900mV 100C Model Fmax Summary                                                         ;
+------------+-----------------+------------+------------------------------------------------+
; Fmax       ; Restricted Fmax ; Clock Name ; Note                                           ;
+------------+-----------------+------------+------------------------------------------------+
; 850.34 MHz ; 645.16 MHz      ; clk        ; limit due to minimum period restriction (tmin) ;
+------------+-----------------+------------+------------------------------------------------+
This panel reports FMAX for every clock in the design, regardless of the user-specified clock periods.  FMAX is only computed for paths where the source and destination registers or ports are driven by the same clock.  Paths of different clocks, including generated clocks, are ignored.  For paths between a clock and its inversion, FMAX is computed as if the rising and falling edges are scaled along with FMAX, such that the duty cycle (in terms of a percentage) is maintained. Altera recommends that you always use clock constraints and other slack reports for sign-off analysis.


----------------------------------
; Timing Closure Recommendations ;
----------------------------------
HTML report is unavailable in plain text report export.


+-------------------------------------+
; Slow 900mV 100C Model Setup Summary ;
+-------+--------+--------------------+
; Clock ; Slack  ; End Point TNS      ;
+-------+--------+--------------------+
; clk   ; -0.176 ; -1.263             ;
+-------+--------+--------------------+


+------------------------------------+
; Slow 900mV 100C Model Hold Summary ;
+-------+-------+--------------------+
; Clock ; Slack ; End Point TNS      ;
+-------+-------+--------------------+
; clk   ; 0.138 ; 0.000              ;
+-------+-------+--------------------+


------------------------------------------
; Slow 900mV 100C Model Recovery Summary ;
------------------------------------------
No paths to report.


-----------------------------------------
; Slow 900mV 100C Model Removal Summary ;
-----------------------------------------
No paths to report.


+---------------------------------------------------+
; Slow 900mV 100C Model Minimum Pulse Width Summary ;
+-------+--------+----------------------------------+
; Clock ; Slack  ; End Point TNS                    ;
+-------+--------+----------------------------------+
; clk   ; -0.550 ; -0.550                           ;
+-------+--------+----------------------------------+


-----------------------------------------------
; Slow 900mV 100C Model Metastability Summary ;
-----------------------------------------------
No synchronizer chains to report.


+--------------------------------------------------------------------------------------------+
; Slow 900mV -40C Model Fmax Summary                                                         ;
+------------+-----------------+------------+------------------------------------------------+
; Fmax       ; Restricted Fmax ; Clock Name ; Note                                           ;
+------------+-----------------+------------+------------------------------------------------+
; 794.91 MHz ; 645.16 MHz      ; clk        ; limit due to minimum period restriction (tmin) ;
+------------+-----------------+------------+------------------------------------------------+
This panel reports FMAX for every clock in the design, regardless of the user-specified clock periods.  FMAX is only computed for paths where the source and destination registers or ports are driven by the same clock.  Paths of different clocks, including generated clocks, are ignored.  For paths between a clock and its inversion, FMAX is computed as if the rising and falling edges are scaled along with FMAX, such that the duty cycle (in terms of a percentage) is maintained. Altera recommends that you always use clock constraints and other slack reports for sign-off analysis.


+-------------------------------------+
; Slow 900mV -40C Model Setup Summary ;
+-------+--------+--------------------+
; Clock ; Slack  ; End Point TNS      ;
+-------+--------+--------------------+
; clk   ; -0.258 ; -2.100             ;
+-------+--------+--------------------+


+------------------------------------+
; Slow 900mV -40C Model Hold Summary ;
+-------+-------+--------------------+
; Clock ; Slack ; End Point TNS      ;
+-------+-------+--------------------+
; clk   ; 0.109 ; 0.000              ;
+-------+-------+--------------------+


------------------------------------------
; Slow 900mV -40C Model Recovery Summary ;
------------------------------------------
No paths to report.


-----------------------------------------
; Slow 900mV -40C Model Removal Summary ;
-----------------------------------------
No paths to report.


+---------------------------------------------------+
; Slow 900mV -40C Model Minimum Pulse Width Summary ;
+-------+--------+----------------------------------+
; Clock ; Slack  ; End Point TNS                    ;
+-------+--------+----------------------------------+
; clk   ; -0.550 ; -0.550                           ;
+-------+--------+----------------------------------+


-----------------------------------------------
; Slow 900mV -40C Model Metastability Summary ;
-----------------------------------------------
No synchronizer chains to report.


+-------------------------------------+
; Fast 900mV 100C Model Setup Summary ;
+-------+-------+---------------------+
; Clock ; Slack ; End Point TNS       ;
+-------+-------+---------------------+
; clk   ; 0.263 ; 0.000               ;
+-------+-------+---------------------+


+------------------------------------+
; Fast 900mV 100C Model Hold Summary ;
+-------+-------+--------------------+
; Clock ; Slack ; End Point TNS      ;
+-------+-------+--------------------+
; clk   ; 0.103 ; 0.000              ;
+-------+-------+--------------------+


------------------------------------------
; Fast 900mV 100C Model Recovery Summary ;
------------------------------------------
No paths to report.


-----------------------------------------
; Fast 900mV 100C Model Removal Summary ;
-----------------------------------------
No paths to report.


+---------------------------------------------------+
; Fast 900mV 100C Model Minimum Pulse Width Summary ;
+-------+--------+----------------------------------+
; Clock ; Slack  ; End Point TNS                    ;
+-------+--------+----------------------------------+
; clk   ; -0.550 ; -0.550                           ;
+-------+--------+----------------------------------+


-----------------------------------------------
; Fast 900mV 100C Model Metastability Summary ;
-----------------------------------------------
No synchronizer chains to report.


+-------------------------------------+
; Fast 900mV -40C Model Setup Summary ;
+-------+-------+---------------------+
; Clock ; Slack ; End Point TNS       ;
+-------+-------+---------------------+
; clk   ; 0.328 ; 0.000               ;
+-------+-------+---------------------+


+------------------------------------+
; Fast 900mV -40C Model Hold Summary ;
+-------+-------+--------------------+
; Clock ; Slack ; End Point TNS      ;
+-------+-------+--------------------+
; clk   ; 0.076 ; 0.000              ;
+-------+-------+--------------------+


------------------------------------------
; Fast 900mV -40C Model Recovery Summary ;
------------------------------------------
No paths to report.


-----------------------------------------
; Fast 900mV -40C Model Removal Summary ;
-----------------------------------------
No paths to report.


+---------------------------------------------------+
; Fast 900mV -40C Model Minimum Pulse Width Summary ;
+-------+--------+----------------------------------+
; Clock ; Slack  ; End Point TNS                    ;
+-------+--------+----------------------------------+
; clk   ; -0.550 ; -0.550                           ;
+-------+--------+----------------------------------+


-----------------------------------------------
; Fast 900mV -40C Model Metastability Summary ;
-----------------------------------------------
No synchronizer chains to report.


+------------------------------------------------------------------------------+
; Multicorner Timing Analysis Summary                                          ;
+------------------+--------+-------+----------+---------+---------------------+
; Clock            ; Setup  ; Hold  ; Recovery ; Removal ; Minimum Pulse Width ;
+------------------+--------+-------+----------+---------+---------------------+
; Worst-case Slack ; -0.258 ; 0.076 ; N/A      ; N/A     ; -0.550              ;
;  clk             ; -0.258 ; 0.076 ; N/A      ; N/A     ; -0.550              ;
; Design-wide TNS  ; -2.1   ; 0.0   ; 0.0      ; 0.0     ; -0.55               ;
;  clk             ; -2.100 ; 0.000 ; N/A      ; N/A     ; -0.550              ;
+------------------+--------+-------+----------+---------+---------------------+


+------------------------------------------------------------------------------------------------------------------------------------------------------------------------------------------------------------------------------------------------------------------------------------------------------------------------------------------------------------------------------------------------------------+
; Board Trace Model Assignments                                                                                                                                                                                                                                                                                                                                                                              ;
+---------+--------------+-------------------+-------------------------+-------------------------+---------------+---------------------+----------------+------------------+--------+------------------+------------------------+------------------------+--------------+---------------+-----------------+-------+---------------------+--------------------+---------------+-----------------+-------------+
; Pin     ; I/O Standard ; Near Tline Length ; Near Tline L per Length ; Near Tline C per Length ; Near Series R ; Near Differential R ; Near Pull-up R ; Near Pull-down R ; Near C ; Far Tline Length ; Far Tline L per Length ; Far Tline C per Length ; Far Series R ; Far Pull-up R ; Far Pull-down R ; Far C ; Termination Voltage ; Far Differential R ; EBD File Name ; EBD Signal Name ; EBD Far-end ;
+---------+--------------+-------------------+-------------------------+-------------------------+---------------+---------------------+----------------+------------------+--------+------------------+------------------------+------------------------+--------------+---------------+-----------------+-------+---------------------+--------------------+---------------+-----------------+-------------+
; LEDG[0] ; 1.8 V        ; 0 in              ; 0 H/in                  ; 0 F/in                  ; short         ; -                   ; open           ; open             ; open   ; 0 in             ; 0 H/in                 ; 0 F/in                 ; short        ; open          ; open            ; open  ; 0 V                 ; -                  ; n/a           ; n/a             ; n/a         ;
; LEDG[1] ; 1.8 V        ; 0 in              ; 0 H/in                  ; 0 F/in                  ; short         ; -                   ; open           ; open             ; open   ; 0 in             ; 0 H/in                 ; 0 F/in                 ; short        ; open          ; open            ; open  ; 0 V                 ; -                  ; n/a           ; n/a             ; n/a         ;
; LEDG[2] ; 1.8 V        ; 0 in              ; 0 H/in                  ; 0 F/in                  ; short         ; -                   ; open           ; open             ; open   ; 0 in             ; 0 H/in                 ; 0 F/in                 ; short        ; open          ; open            ; open  ; 0 V                 ; -                  ; n/a           ; n/a             ; n/a         ;
; LEDG[3] ; 1.8 V        ; 0 in              ; 0 H/in                  ; 0 F/in                  ; short         ; -                   ; open           ; open             ; open   ; 0 in             ; 0 H/in                 ; 0 F/in                 ; short        ; open          ; open            ; open  ; 0 V                 ; -                  ; n/a           ; n/a             ; n/a         ;
; LEDG[4] ; 1.8 V        ; 0 in              ; 0 H/in                  ; 0 F/in                  ; short         ; -                   ; open           ; open             ; open   ; 0 in             ; 0 H/in                 ; 0 F/in                 ; short        ; open          ; open            ; open  ; 0 V                 ; -                  ; n/a           ; n/a             ; n/a         ;
; LEDG[5] ; 1.8 V        ; 0 in              ; 0 H/in                  ; 0 F/in                  ; short         ; -                   ; open           ; open             ; open   ; 0 in             ; 0 H/in                 ; 0 F/in                 ; short        ; open          ; open            ; open  ; 0 V                 ; -                  ; n/a           ; n/a             ; n/a         ;
; LEDG[6] ; 1.8 V        ; 0 in              ; 0 H/in                  ; 0 F/in                  ; short         ; -                   ; open           ; open             ; open   ; 0 in             ; 0 H/in                 ; 0 F/in                 ; short        ; open          ; open            ; open  ; 0 V                 ; -                  ; n/a           ; n/a             ; n/a         ;
; LEDG[7] ; 1.8 V        ; 0 in              ; 0 H/in                  ; 0 F/in                  ; short         ; -                   ; open           ; open             ; open   ; 0 in             ; 0 H/in                 ; 0 F/in                 ; short        ; open          ; open            ; open  ; 0 V                 ; -                  ; n/a           ; n/a             ; n/a         ;
; LEDR[0] ; 1.8 V        ; 0 in              ; 0 H/in                  ; 0 F/in                  ; short         ; -                   ; open           ; open             ; open   ; 0 in             ; 0 H/in                 ; 0 F/in                 ; short        ; open          ; open            ; open  ; 0 V                 ; -                  ; n/a           ; n/a             ; n/a         ;
; LEDR[1] ; 1.8 V        ; 0 in              ; 0 H/in                  ; 0 F/in                  ; short         ; -                   ; open           ; open             ; open   ; 0 in             ; 0 H/in                 ; 0 F/in                 ; short        ; open          ; open            ; open  ; 0 V                 ; -                  ; n/a           ; n/a             ; n/a         ;
; LEDR[2] ; 1.8 V        ; 0 in              ; 0 H/in                  ; 0 F/in                  ; short         ; -                   ; open           ; open             ; open   ; 0 in             ; 0 H/in                 ; 0 F/in                 ; short        ; open          ; open            ; open  ; 0 V                 ; -                  ; n/a           ; n/a             ; n/a         ;
; LEDR[3] ; 1.8 V        ; 0 in              ; 0 H/in                  ; 0 F/in                  ; short         ; -                   ; open           ; open             ; open   ; 0 in             ; 0 H/in                 ; 0 F/in                 ; short        ; open          ; open            ; open  ; 0 V                 ; -                  ; n/a           ; n/a             ; n/a         ;
; LEDR[4] ; 1.8 V        ; 0 in              ; 0 H/in                  ; 0 F/in                  ; short         ; -                   ; open           ; open             ; open   ; 0 in             ; 0 H/in                 ; 0 F/in                 ; short        ; open          ; open            ; open  ; 0 V                 ; -                  ; n/a           ; n/a             ; n/a         ;
; LEDR[5] ; 1.8 V        ; 0 in              ; 0 H/in                  ; 0 F/in                  ; short         ; -                   ; open           ; open             ; open   ; 0 in             ; 0 H/in                 ; 0 F/in                 ; short        ; open          ; open            ; open  ; 0 V                 ; -                  ; n/a           ; n/a             ; n/a         ;
; LEDR[6] ; 1.8 V        ; 0 in              ; 0 H/in                  ; 0 F/in                  ; short         ; -                   ; open           ; open             ; open   ; 0 in             ; 0 H/in                 ; 0 F/in                 ; short        ; open          ; open            ; open  ; 0 V                 ; -                  ; n/a           ; n/a             ; n/a         ;
; LEDR[7] ; 1.8 V        ; 0 in              ; 0 H/in                  ; 0 F/in                  ; short         ; -                   ; open           ; open             ; open   ; 0 in             ; 0 H/in                 ; 0 F/in                 ; short        ; open          ; open            ; open  ; 0 V                 ; -                  ; n/a           ; n/a             ; n/a         ;
+---------+--------------+-------------------+-------------------------+-------------------------+---------------+---------------------+----------------+------------------+--------+------------------+------------------------+------------------------+--------------+---------------+-----------------+-------+---------------------+--------------------+---------------+-----------------+-------------+


+-------------------------------------------------------------------+
; Input Transition Times                                            ;
+----------------+--------------+-----------------+-----------------+
; Pin            ; I/O Standard ; 10-90 Rise Time ; 90-10 Fall Time ;
+----------------+--------------+-----------------+-----------------+
; IN1            ; 1.8 V        ; 1440 ps         ; 1440 ps         ;
; clk            ; 1.8 V        ; 1440 ps         ; 1440 ps         ;
; IN0            ; 1.8 V        ; 1440 ps         ; 1440 ps         ;
; ~ALTERA_DATA0~ ; 1.8 V        ; 1440 ps         ; 1440 ps         ;
+----------------+--------------+-----------------+-----------------+


+--------------------------------------------------------------------------------------------------------------------------------------------------------------------------------------------------------------------------------------------------------------------------------------------------------------------------------------------------------------------------------------------------------------------------------------------------------------------------------------------------------------------------------------------------------------------------------------------------------------------------------------------------------------------------------------+
; Signal Integrity Metrics (Slow 900mv 100c Model)                                                                                                                                                                                                                                                                                                                                                                                                                                                                                                                                                                                                                                     ;
+---------+--------------+---------------------+---------------------+------------------------------+------------------------------+---------------------+---------------------+--------------------------------------+--------------------------------------+-----------------------------+-----------------------------+----------------------------+----------------------------+-----------------------------+-----------------------------+--------------------+--------------------+-------------------------------------+-------------------------------------+----------------------------+----------------------------+---------------------------+---------------------------+
; Pin     ; I/O Standard ; Board Delay on Rise ; Board Delay on Fall ; Steady State Voh at FPGA Pin ; Steady State Vol at FPGA Pin ; Voh Max at FPGA Pin ; Vol Min at FPGA Pin ; Ringback Voltage on Rise at FPGA Pin ; Ringback Voltage on Fall at FPGA Pin ; 10-90 Rise Time at FPGA Pin ; 90-10 Fall Time at FPGA Pin ; Monotonic Rise at FPGA Pin ; Monotonic Fall at FPGA Pin ; Steady State Voh at Far-end ; Steady State Vol at Far-end ; Voh Max at Far-end ; Vol Min at Far-end ; Ringback Voltage on Rise at Far-end ; Ringback Voltage on Fall at Far-end ; 10-90 Rise Time at Far-end ; 90-10 Fall Time at Far-end ; Monotonic Rise at Far-end ; Monotonic Fall at Far-end ;
+---------+--------------+---------------------+---------------------+------------------------------+------------------------------+---------------------+---------------------+--------------------------------------+--------------------------------------+-----------------------------+-----------------------------+----------------------------+----------------------------+-----------------------------+-----------------------------+--------------------+--------------------+-------------------------------------+-------------------------------------+----------------------------+----------------------------+---------------------------+---------------------------+
; LEDG[0] ; 1.8 V        ; 0 s                 ; 0 s                 ; 1.66 V                       ; 6.67e-06 V                   ; 1.71 V              ; -0.0611 V           ; 0.1 V                                ; 0.207 V                              ; 2.32e-10 s                  ; 1.5e-10 s                   ; No                         ; No                         ; 1.66 V                      ; 6.67e-06 V                  ; 1.71 V             ; -0.0611 V          ; 0.1 V                               ; 0.207 V                             ; 2.32e-10 s                 ; 1.5e-10 s                  ; No                        ; No                        ;
; LEDG[1] ; 1.8 V        ; 0 s                 ; 0 s                 ; 1.66 V                       ; 6.67e-06 V                   ; 1.71 V              ; -0.0611 V           ; 0.1 V                                ; 0.207 V                              ; 2.32e-10 s                  ; 1.5e-10 s                   ; No                         ; No                         ; 1.66 V                      ; 6.67e-06 V                  ; 1.71 V             ; -0.0611 V          ; 0.1 V                               ; 0.207 V                             ; 2.32e-10 s                 ; 1.5e-10 s                  ; No                        ; No                        ;
; LEDG[2] ; 1.8 V        ; 0 s                 ; 0 s                 ; 1.66 V                       ; 6.67e-06 V                   ; 1.71 V              ; -0.0611 V           ; 0.1 V                                ; 0.207 V                              ; 2.32e-10 s                  ; 1.5e-10 s                   ; No                         ; No                         ; 1.66 V                      ; 6.67e-06 V                  ; 1.71 V             ; -0.0611 V          ; 0.1 V                               ; 0.207 V                             ; 2.32e-10 s                 ; 1.5e-10 s                  ; No                        ; No                        ;
; LEDG[3] ; 1.8 V        ; 0 s                 ; 0 s                 ; 1.66 V                       ; 6.67e-06 V                   ; 1.71 V              ; -0.0611 V           ; 0.1 V                                ; 0.207 V                              ; 2.32e-10 s                  ; 1.5e-10 s                   ; No                         ; No                         ; 1.66 V                      ; 6.67e-06 V                  ; 1.71 V             ; -0.0611 V          ; 0.1 V                               ; 0.207 V                             ; 2.32e-10 s                 ; 1.5e-10 s                  ; No                        ; No                        ;
; LEDG[4] ; 1.8 V        ; 0 s                 ; 0 s                 ; 1.66 V                       ; 6.67e-06 V                   ; 1.71 V              ; -0.0611 V           ; 0.1 V                                ; 0.207 V                              ; 2.32e-10 s                  ; 1.5e-10 s                   ; No                         ; No                         ; 1.66 V                      ; 6.67e-06 V                  ; 1.71 V             ; -0.0611 V          ; 0.1 V                               ; 0.207 V                             ; 2.32e-10 s                 ; 1.5e-10 s                  ; No                        ; No                        ;
; LEDG[5] ; 1.8 V        ; 0 s                 ; 0 s                 ; 1.66 V                       ; 6.67e-06 V                   ; 1.71 V              ; -0.0611 V           ; 0.1 V                                ; 0.207 V                              ; 2.32e-10 s                  ; 1.5e-10 s                   ; No                         ; No                         ; 1.66 V                      ; 6.67e-06 V                  ; 1.71 V             ; -0.0611 V          ; 0.1 V                               ; 0.207 V                             ; 2.32e-10 s                 ; 1.5e-10 s                  ; No                        ; No                        ;
; LEDG[6] ; 1.8 V        ; 0 s                 ; 0 s                 ; 1.66 V                       ; 6.67e-06 V                   ; 1.71 V              ; -0.0611 V           ; 0.1 V                                ; 0.207 V                              ; 2.32e-10 s                  ; 1.5e-10 s                   ; No                         ; No                         ; 1.66 V                      ; 6.67e-06 V                  ; 1.71 V             ; -0.0611 V          ; 0.1 V                               ; 0.207 V                             ; 2.32e-10 s                 ; 1.5e-10 s                  ; No                        ; No                        ;
; LEDG[7] ; 1.8 V        ; 0 s                 ; 0 s                 ; 1.66 V                       ; 6.67e-06 V                   ; 1.71 V              ; -0.0611 V           ; 0.1 V                                ; 0.207 V                              ; 2.32e-10 s                  ; 1.5e-10 s                   ; No                         ; No                         ; 1.66 V                      ; 6.67e-06 V                  ; 1.71 V             ; -0.0611 V          ; 0.1 V                               ; 0.207 V                             ; 2.32e-10 s                 ; 1.5e-10 s                  ; No                        ; No                        ;
; LEDR[0] ; 1.8 V        ; 0 s                 ; 0 s                 ; 1.66 V                       ; 6.67e-06 V                   ; 1.71 V              ; -0.0611 V           ; 0.1 V                                ; 0.207 V                              ; 2.32e-10 s                  ; 1.5e-10 s                   ; No                         ; No                         ; 1.66 V                      ; 6.67e-06 V                  ; 1.71 V             ; -0.0611 V          ; 0.1 V                               ; 0.207 V                             ; 2.32e-10 s                 ; 1.5e-10 s                  ; No                        ; No                        ;
; LEDR[1] ; 1.8 V        ; 0 s                 ; 0 s                 ; 1.66 V                       ; 6.67e-06 V                   ; 1.71 V              ; -0.0611 V           ; 0.1 V                                ; 0.207 V                              ; 2.32e-10 s                  ; 1.5e-10 s                   ; No                         ; No                         ; 1.66 V                      ; 6.67e-06 V                  ; 1.71 V             ; -0.0611 V          ; 0.1 V                               ; 0.207 V                             ; 2.32e-10 s                 ; 1.5e-10 s                  ; No                        ; No                        ;
; LEDR[2] ; 1.8 V        ; 0 s                 ; 0 s                 ; 1.66 V                       ; 6.67e-06 V                   ; 1.71 V              ; -0.0611 V           ; 0.1 V                                ; 0.207 V                              ; 2.32e-10 s                  ; 1.5e-10 s                   ; No                         ; No                         ; 1.66 V                      ; 6.67e-06 V                  ; 1.71 V             ; -0.0611 V          ; 0.1 V                               ; 0.207 V                             ; 2.32e-10 s                 ; 1.5e-10 s                  ; No                        ; No                        ;
; LEDR[3] ; 1.8 V        ; 0 s                 ; 0 s                 ; 1.66 V                       ; 6.67e-06 V                   ; 1.71 V              ; -0.0611 V           ; 0.1 V                                ; 0.207 V                              ; 2.32e-10 s                  ; 1.5e-10 s                   ; No                         ; No                         ; 1.66 V                      ; 6.67e-06 V                  ; 1.71 V             ; -0.0611 V          ; 0.1 V                               ; 0.207 V                             ; 2.32e-10 s                 ; 1.5e-10 s                  ; No                        ; No                        ;
; LEDR[4] ; 1.8 V        ; 0 s                 ; 0 s                 ; 1.66 V                       ; 6.67e-06 V                   ; 1.71 V              ; -0.0611 V           ; 0.1 V                                ; 0.207 V                              ; 2.32e-10 s                  ; 1.5e-10 s                   ; No                         ; No                         ; 1.66 V                      ; 6.67e-06 V                  ; 1.71 V             ; -0.0611 V          ; 0.1 V                               ; 0.207 V                             ; 2.32e-10 s                 ; 1.5e-10 s                  ; No                        ; No                        ;
; LEDR[5] ; 1.8 V        ; 0 s                 ; 0 s                 ; 1.66 V                       ; 6.67e-06 V                   ; 1.71 V              ; -0.0611 V           ; 0.1 V                                ; 0.207 V                              ; 2.32e-10 s                  ; 1.5e-10 s                   ; No                         ; No                         ; 1.66 V                      ; 6.67e-06 V                  ; 1.71 V             ; -0.0611 V          ; 0.1 V                               ; 0.207 V                             ; 2.32e-10 s                 ; 1.5e-10 s                  ; No                        ; No                        ;
; LEDR[6] ; 1.8 V        ; 0 s                 ; 0 s                 ; 1.66 V                       ; 6.67e-06 V                   ; 1.71 V              ; -0.0611 V           ; 0.1 V                                ; 0.207 V                              ; 2.32e-10 s                  ; 1.5e-10 s                   ; No                         ; No                         ; 1.66 V                      ; 6.67e-06 V                  ; 1.71 V             ; -0.0611 V          ; 0.1 V                               ; 0.207 V                             ; 2.32e-10 s                 ; 1.5e-10 s                  ; No                        ; No                        ;
; LEDR[7] ; 1.8 V        ; 0 s                 ; 0 s                 ; 1.66 V                       ; 6.67e-06 V                   ; 1.71 V              ; -0.0611 V           ; 0.1 V                                ; 0.207 V                              ; 2.32e-10 s                  ; 1.5e-10 s                   ; No                         ; No                         ; 1.66 V                      ; 6.67e-06 V                  ; 1.71 V             ; -0.0611 V          ; 0.1 V                               ; 0.207 V                             ; 2.32e-10 s                 ; 1.5e-10 s                  ; No                        ; No                        ;
+---------+--------------+---------------------+---------------------+------------------------------+------------------------------+---------------------+---------------------+--------------------------------------+--------------------------------------+-----------------------------+-----------------------------+----------------------------+----------------------------+-----------------------------+-----------------------------+--------------------+--------------------+-------------------------------------+-------------------------------------+----------------------------+----------------------------+---------------------------+---------------------------+


+--------------------------------------------------------------------------------------------------------------------------------------------------------------------------------------------------------------------------------------------------------------------------------------------------------------------------------------------------------------------------------------------------------------------------------------------------------------------------------------------------------------------------------------------------------------------------------------------------------------------------------------------------------------------------------------+
; Signal Integrity Metrics (Fast 900mv n40c Model)                                                                                                                                                                                                                                                                                                                                                                                                                                                                                                                                                                                                                                     ;
+---------+--------------+---------------------+---------------------+------------------------------+------------------------------+---------------------+---------------------+--------------------------------------+--------------------------------------+-----------------------------+-----------------------------+----------------------------+----------------------------+-----------------------------+-----------------------------+--------------------+--------------------+-------------------------------------+-------------------------------------+----------------------------+----------------------------+---------------------------+---------------------------+
; Pin     ; I/O Standard ; Board Delay on Rise ; Board Delay on Fall ; Steady State Voh at FPGA Pin ; Steady State Vol at FPGA Pin ; Voh Max at FPGA Pin ; Vol Min at FPGA Pin ; Ringback Voltage on Rise at FPGA Pin ; Ringback Voltage on Fall at FPGA Pin ; 10-90 Rise Time at FPGA Pin ; 90-10 Fall Time at FPGA Pin ; Monotonic Rise at FPGA Pin ; Monotonic Fall at FPGA Pin ; Steady State Voh at Far-end ; Steady State Vol at Far-end ; Voh Max at Far-end ; Vol Min at Far-end ; Ringback Voltage on Rise at Far-end ; Ringback Voltage on Fall at Far-end ; 10-90 Rise Time at Far-end ; 90-10 Fall Time at Far-end ; Monotonic Rise at Far-end ; Monotonic Fall at Far-end ;
+---------+--------------+---------------------+---------------------+------------------------------+------------------------------+---------------------+---------------------+--------------------------------------+--------------------------------------+-----------------------------+-----------------------------+----------------------------+----------------------------+-----------------------------+-----------------------------+--------------------+--------------------+-------------------------------------+-------------------------------------+----------------------------+----------------------------+---------------------------+---------------------------+
; LEDG[0] ; 1.8 V        ; 0 s                 ; 0 s                 ; 1.89 V                       ; 1.62e-07 V                   ; 2.04 V              ; -0.201 V            ; 0.161 V                              ; 0.176 V                              ; 1.26e-10 s                  ; 1.19e-10 s                  ; No                         ; No                         ; 1.89 V                      ; 1.62e-07 V                  ; 2.04 V             ; -0.201 V           ; 0.161 V                             ; 0.176 V                             ; 1.26e-10 s                 ; 1.19e-10 s                 ; No                        ; No                        ;
; LEDG[1] ; 1.8 V        ; 0 s                 ; 0 s                 ; 1.89 V                       ; 1.62e-07 V                   ; 2.04 V              ; -0.201 V            ; 0.161 V                              ; 0.176 V                              ; 1.26e-10 s                  ; 1.19e-10 s                  ; No                         ; No                         ; 1.89 V                      ; 1.62e-07 V                  ; 2.04 V             ; -0.201 V           ; 0.161 V                             ; 0.176 V                             ; 1.26e-10 s                 ; 1.19e-10 s                 ; No                        ; No                        ;
; LEDG[2] ; 1.8 V        ; 0 s                 ; 0 s                 ; 1.89 V                       ; 1.62e-07 V                   ; 2.04 V              ; -0.201 V            ; 0.161 V                              ; 0.176 V                              ; 1.26e-10 s                  ; 1.19e-10 s                  ; No                         ; No                         ; 1.89 V                      ; 1.62e-07 V                  ; 2.04 V             ; -0.201 V           ; 0.161 V                             ; 0.176 V                             ; 1.26e-10 s                 ; 1.19e-10 s                 ; No                        ; No                        ;
; LEDG[3] ; 1.8 V        ; 0 s                 ; 0 s                 ; 1.89 V                       ; 1.62e-07 V                   ; 2.04 V              ; -0.201 V            ; 0.161 V                              ; 0.176 V                              ; 1.26e-10 s                  ; 1.19e-10 s                  ; No                         ; No                         ; 1.89 V                      ; 1.62e-07 V                  ; 2.04 V             ; -0.201 V           ; 0.161 V                             ; 0.176 V                             ; 1.26e-10 s                 ; 1.19e-10 s                 ; No                        ; No                        ;
; LEDG[4] ; 1.8 V        ; 0 s                 ; 0 s                 ; 1.89 V                       ; 1.62e-07 V                   ; 2.04 V              ; -0.201 V            ; 0.161 V                              ; 0.176 V                              ; 1.26e-10 s                  ; 1.19e-10 s                  ; No                         ; No                         ; 1.89 V                      ; 1.62e-07 V                  ; 2.04 V             ; -0.201 V           ; 0.161 V                             ; 0.176 V                             ; 1.26e-10 s                 ; 1.19e-10 s                 ; No                        ; No                        ;
; LEDG[5] ; 1.8 V        ; 0 s                 ; 0 s                 ; 1.89 V                       ; 1.62e-07 V                   ; 2.04 V              ; -0.201 V            ; 0.161 V                              ; 0.176 V                              ; 1.26e-10 s                  ; 1.19e-10 s                  ; No                         ; No                         ; 1.89 V                      ; 1.62e-07 V                  ; 2.04 V             ; -0.201 V           ; 0.161 V                             ; 0.176 V                             ; 1.26e-10 s                 ; 1.19e-10 s                 ; No                        ; No                        ;
; LEDG[6] ; 1.8 V        ; 0 s                 ; 0 s                 ; 1.89 V                       ; 1.62e-07 V                   ; 2.04 V              ; -0.201 V            ; 0.161 V                              ; 0.176 V                              ; 1.26e-10 s                  ; 1.19e-10 s                  ; No                         ; No                         ; 1.89 V                      ; 1.62e-07 V                  ; 2.04 V             ; -0.201 V           ; 0.161 V                             ; 0.176 V                             ; 1.26e-10 s                 ; 1.19e-10 s                 ; No                        ; No                        ;
; LEDG[7] ; 1.8 V        ; 0 s                 ; 0 s                 ; 1.89 V                       ; 1.62e-07 V                   ; 2.04 V              ; -0.201 V            ; 0.161 V                              ; 0.176 V                              ; 1.26e-10 s                  ; 1.19e-10 s                  ; No                         ; No                         ; 1.89 V                      ; 1.62e-07 V                  ; 2.04 V             ; -0.201 V           ; 0.161 V                             ; 0.176 V                             ; 1.26e-10 s                 ; 1.19e-10 s                 ; No                        ; No                        ;
; LEDR[0] ; 1.8 V        ; 0 s                 ; 0 s                 ; 1.89 V                       ; 1.62e-07 V                   ; 2.04 V              ; -0.201 V            ; 0.161 V                              ; 0.176 V                              ; 1.26e-10 s                  ; 1.19e-10 s                  ; No                         ; No                         ; 1.89 V                      ; 1.62e-07 V                  ; 2.04 V             ; -0.201 V           ; 0.161 V                             ; 0.176 V                             ; 1.26e-10 s                 ; 1.19e-10 s                 ; No                        ; No                        ;
; LEDR[1] ; 1.8 V        ; 0 s                 ; 0 s                 ; 1.89 V                       ; 1.62e-07 V                   ; 2.04 V              ; -0.201 V            ; 0.161 V                              ; 0.176 V                              ; 1.26e-10 s                  ; 1.19e-10 s                  ; No                         ; No                         ; 1.89 V                      ; 1.62e-07 V                  ; 2.04 V             ; -0.201 V           ; 0.161 V                             ; 0.176 V                             ; 1.26e-10 s                 ; 1.19e-10 s                 ; No                        ; No                        ;
; LEDR[2] ; 1.8 V        ; 0 s                 ; 0 s                 ; 1.89 V                       ; 1.62e-07 V                   ; 2.04 V              ; -0.201 V            ; 0.161 V                              ; 0.176 V                              ; 1.26e-10 s                  ; 1.19e-10 s                  ; No                         ; No                         ; 1.89 V                      ; 1.62e-07 V                  ; 2.04 V             ; -0.201 V           ; 0.161 V                             ; 0.176 V                             ; 1.26e-10 s                 ; 1.19e-10 s                 ; No                        ; No                        ;
; LEDR[3] ; 1.8 V        ; 0 s                 ; 0 s                 ; 1.89 V                       ; 1.62e-07 V                   ; 2.04 V              ; -0.201 V            ; 0.161 V                              ; 0.176 V                              ; 1.26e-10 s                  ; 1.19e-10 s                  ; No                         ; No                         ; 1.89 V                      ; 1.62e-07 V                  ; 2.04 V             ; -0.201 V           ; 0.161 V                             ; 0.176 V                             ; 1.26e-10 s                 ; 1.19e-10 s                 ; No                        ; No                        ;
; LEDR[4] ; 1.8 V        ; 0 s                 ; 0 s                 ; 1.89 V                       ; 1.62e-07 V                   ; 2.04 V              ; -0.201 V            ; 0.161 V                              ; 0.176 V                              ; 1.26e-10 s                  ; 1.19e-10 s                  ; No                         ; No                         ; 1.89 V                      ; 1.62e-07 V                  ; 2.04 V             ; -0.201 V           ; 0.161 V                             ; 0.176 V                             ; 1.26e-10 s                 ; 1.19e-10 s                 ; No                        ; No                        ;
; LEDR[5] ; 1.8 V        ; 0 s                 ; 0 s                 ; 1.89 V                       ; 1.62e-07 V                   ; 2.04 V              ; -0.201 V            ; 0.161 V                              ; 0.176 V                              ; 1.26e-10 s                  ; 1.19e-10 s                  ; No                         ; No                         ; 1.89 V                      ; 1.62e-07 V                  ; 2.04 V             ; -0.201 V           ; 0.161 V                             ; 0.176 V                             ; 1.26e-10 s                 ; 1.19e-10 s                 ; No                        ; No                        ;
; LEDR[6] ; 1.8 V        ; 0 s                 ; 0 s                 ; 1.89 V                       ; 1.62e-07 V                   ; 2.04 V              ; -0.201 V            ; 0.161 V                              ; 0.176 V                              ; 1.26e-10 s                  ; 1.19e-10 s                  ; No                         ; No                         ; 1.89 V                      ; 1.62e-07 V                  ; 2.04 V             ; -0.201 V           ; 0.161 V                             ; 0.176 V                             ; 1.26e-10 s                 ; 1.19e-10 s                 ; No                        ; No                        ;
; LEDR[7] ; 1.8 V        ; 0 s                 ; 0 s                 ; 1.89 V                       ; 1.62e-07 V                   ; 2.04 V              ; -0.201 V            ; 0.161 V                              ; 0.176 V                              ; 1.26e-10 s                  ; 1.19e-10 s                  ; No                         ; No                         ; 1.89 V                      ; 1.62e-07 V                  ; 2.04 V             ; -0.201 V           ; 0.161 V                             ; 0.176 V                             ; 1.26e-10 s                 ; 1.19e-10 s                 ; No                        ; No                        ;
+---------+--------------+---------------------+---------------------+------------------------------+------------------------------+---------------------+---------------------+--------------------------------------+--------------------------------------+-----------------------------+-----------------------------+----------------------------+----------------------------+-----------------------------+-----------------------------+--------------------+--------------------+-------------------------------------+-------------------------------------+----------------------------+----------------------------+---------------------------+---------------------------+


+-------------------------------------------------------------------+
; Setup Transfers                                                   ;
+------------+----------+----------+----------+----------+----------+
; From Clock ; To Clock ; RR Paths ; FR Paths ; RF Paths ; FF Paths ;
+------------+----------+----------+----------+----------+----------+
; clk        ; clk      ; 292      ; 0        ; 0        ; 0        ;
+------------+----------+----------+----------+----------+----------+
Entries labeled "false path" only account for clock-to-clock false paths and not path-based false paths. As a result, actual path counts may be lower than reported.


+-------------------------------------------------------------------+
; Hold Transfers                                                    ;
+------------+----------+----------+----------+----------+----------+
; From Clock ; To Clock ; RR Paths ; FR Paths ; RF Paths ; FF Paths ;
+------------+----------+----------+----------+----------+----------+
; clk        ; clk      ; 292      ; 0        ; 0        ; 0        ;
+------------+----------+----------+----------+----------+----------+
Entries labeled "false path" only account for clock-to-clock false paths and not path-based false paths. As a result, actual path counts may be lower than reported.


+------------------------------------------------+
; Unconstrained Paths Summary                    ;
+---------------------------------+-------+------+
; Property                        ; Setup ; Hold ;
+---------------------------------+-------+------+
; Illegal Clocks                  ; 0     ; 0    ;
; Unconstrained Clocks            ; 0     ; 0    ;
; Unconstrained Input Ports       ; 2     ; 2    ;
; Unconstrained Input Port Paths  ; 16    ; 16   ;
; Unconstrained Output Ports      ; 16    ; 16   ;
; Unconstrained Output Port Paths ; 16    ; 16   ;
+---------------------------------+-------+------+


+-------------------------------------+
; Clock Status Summary                ;
+--------+-------+------+-------------+
; Target ; Clock ; Type ; Status      ;
+--------+-------+------+-------------+
; clk    ; clk   ; Base ; Constrained ;
+--------+-------+------+-------------+


+---------------------------------------------------------------------------------------------------+
; Unconstrained Input Ports                                                                         ;
+------------+--------------------------------------------------------------------------------------+
; Input Port ; Comment                                                                              ;
+------------+--------------------------------------------------------------------------------------+
; IN0        ; No input delay, min/max delays, false-path exceptions, or max skew assignments found ;
; IN1        ; No input delay, min/max delays, false-path exceptions, or max skew assignments found ;
+------------+--------------------------------------------------------------------------------------+


+-----------------------------------------------------------------------------------------------------+
; Unconstrained Output Ports                                                                          ;
+-------------+---------------------------------------------------------------------------------------+
; Output Port ; Comment                                                                               ;
+-------------+---------------------------------------------------------------------------------------+
; LEDG[0]     ; No output delay, min/max delays, false-path exceptions, or max skew assignments found ;
; LEDG[1]     ; No output delay, min/max delays, false-path exceptions, or max skew assignments found ;
; LEDG[2]     ; No output delay, min/max delays, false-path exceptions, or max skew assignments found ;
; LEDG[3]     ; No output delay, min/max delays, false-path exceptions, or max skew assignments found ;
; LEDG[4]     ; No output delay, min/max delays, false-path exceptions, or max skew assignments found ;
; LEDG[5]     ; No output delay, min/max delays, false-path exceptions, or max skew assignments found ;
; LEDG[6]     ; No output delay, min/max delays, false-path exceptions, or max skew assignments found ;
; LEDG[7]     ; No output delay, min/max delays, false-path exceptions, or max skew assignments found ;
; LEDR[0]     ; No output delay, min/max delays, false-path exceptions, or max skew assignments found ;
; LEDR[1]     ; No output delay, min/max delays, false-path exceptions, or max skew assignments found ;
; LEDR[2]     ; No output delay, min/max delays, false-path exceptions, or max skew assignments found ;
; LEDR[3]     ; No output delay, min/max delays, false-path exceptions, or max skew assignments found ;
; LEDR[4]     ; No output delay, min/max delays, false-path exceptions, or max skew assignments found ;
; LEDR[5]     ; No output delay, min/max delays, false-path exceptions, or max skew assignments found ;
; LEDR[6]     ; No output delay, min/max delays, false-path exceptions, or max skew assignments found ;
; LEDR[7]     ; No output delay, min/max delays, false-path exceptions, or max skew assignments found ;
+-------------+---------------------------------------------------------------------------------------+


+---------------------------------------------------------------------------------------------------+
; Unconstrained Input Ports                                                                         ;
+------------+--------------------------------------------------------------------------------------+
; Input Port ; Comment                                                                              ;
+------------+--------------------------------------------------------------------------------------+
; IN0        ; No input delay, min/max delays, false-path exceptions, or max skew assignments found ;
; IN1        ; No input delay, min/max delays, false-path exceptions, or max skew assignments found ;
+------------+--------------------------------------------------------------------------------------+


+-----------------------------------------------------------------------------------------------------+
; Unconstrained Output Ports                                                                          ;
+-------------+---------------------------------------------------------------------------------------+
; Output Port ; Comment                                                                               ;
+-------------+---------------------------------------------------------------------------------------+
; LEDG[0]     ; No output delay, min/max delays, false-path exceptions, or max skew assignments found ;
; LEDG[1]     ; No output delay, min/max delays, false-path exceptions, or max skew assignments found ;
; LEDG[2]     ; No output delay, min/max delays, false-path exceptions, or max skew assignments found ;
; LEDG[3]     ; No output delay, min/max delays, false-path exceptions, or max skew assignments found ;
; LEDG[4]     ; No output delay, min/max delays, false-path exceptions, or max skew assignments found ;
; LEDG[5]     ; No output delay, min/max delays, false-path exceptions, or max skew assignments found ;
; LEDG[6]     ; No output delay, min/max delays, false-path exceptions, or max skew assignments found ;
; LEDG[7]     ; No output delay, min/max delays, false-path exceptions, or max skew assignments found ;
; LEDR[0]     ; No output delay, min/max delays, false-path exceptions, or max skew assignments found ;
; LEDR[1]     ; No output delay, min/max delays, false-path exceptions, or max skew assignments found ;
; LEDR[2]     ; No output delay, min/max delays, false-path exceptions, or max skew assignments found ;
; LEDR[3]     ; No output delay, min/max delays, false-path exceptions, or max skew assignments found ;
; LEDR[4]     ; No output delay, min/max delays, false-path exceptions, or max skew assignments found ;
; LEDR[5]     ; No output delay, min/max delays, false-path exceptions, or max skew assignments found ;
; LEDR[6]     ; No output delay, min/max delays, false-path exceptions, or max skew assignments found ;
; LEDR[7]     ; No output delay, min/max delays, false-path exceptions, or max skew assignments found ;
+-------------+---------------------------------------------------------------------------------------+


+------------------------------------+
; TimeQuest Timing Analyzer Messages ;
+------------------------------------+
Info: *******************************************************************
Info: Running Quartus Prime TimeQuest Timing Analyzer
    Info: Version 17.0.0 Build 595 04/25/2017 SJ Standard Edition
    Info: Processing started: Thu Jul 27 15:47:34 2017
Info: Command: quartus_sta braindrop -c braindrop
Info: qsta_default_script.tcl version: #1
Warning (18236): Number of processors has not been specified which may cause overloading on shared machines.  Set the global assignment NUM_PARALLEL_PROCESSORS in your QSF to an appropriate value for best performance.
Info (20030): Parallel compilation is enabled and will use 4 of the 4 processors detected
Info (21076): Core supply voltage operating condition is not set. Assuming a default value of '0.9V'.
Info (21077): Low junction temperature is -40 degrees C
Info (21077): High junction temperature is 100 degrees C
Critical Warning (332012): Synopsys Design Constraints File file not found: 'braindrop.sdc'. A Synopsys Design Constraints File is required by the TimeQuest Timing Analyzer to get proper timing constraints. Without it, the Compiler will not properly optimize the design.
Info (332142): No user constrained base clocks found in the design. Calling "derive_clocks -period 1.0"
Info (332105): Deriving Clocks
    Info (332105): create_clock -period 1.000 -name clk clk
Info (332143): No user constrained clock uncertainty found in the design. Calling "derive_clock_uncertainty"
Info (332123): Deriving Clock Uncertainty. Please refer to report_sdc in TimeQuest to see clock uncertainties.
Info: Found TIMEQUEST_REPORT_SCRIPT_INCLUDE_DEFAULT_ANALYSIS = ON
Info: Analyzing Slow 900mV 100C Model
Critical Warning (332148): Timing requirements not met
    Info (11105): For recommendations on closing timing, run Report Timing Closure Recommendations in the TimeQuest Timing Analyzer.
Info (332146): Worst-case setup slack is -0.176
    Info (332119):     Slack       End Point TNS Clock 
    Info (332119): ========= =================== =====================
    Info (332119):    -0.176              -1.263 clk 
Info (332146): Worst-case hold slack is 0.138
    Info (332119):     Slack       End Point TNS Clock 
    Info (332119): ========= =================== =====================
    Info (332119):     0.138               0.000 clk 
Info (332140): No Recovery paths to report
Info (332140): No Removal paths to report
Info (332146): Worst-case minimum pulse width slack is -0.550
    Info (332119):     Slack       End Point TNS Clock 
    Info (332119): ========= =================== =====================
    Info (332119):    -0.550              -0.550 clk 
Info: Analyzing Slow 900mV -40C Model
Info (332146): Worst-case setup slack is -0.258
    Info (332119):     Slack       End Point TNS Clock 
    Info (332119): ========= =================== =====================
    Info (332119):    -0.258              -2.100 clk 
Info (332146): Worst-case hold slack is 0.109
    Info (332119):     Slack       End Point TNS Clock 
    Info (332119): ========= =================== =====================
    Info (332119):     0.109               0.000 clk 
Info (332140): No Recovery paths to report
Info (332140): No Removal paths to report
Info (332146): Worst-case minimum pulse width slack is -0.550
    Info (332119):     Slack       End Point TNS Clock 
    Info (332119): ========= =================== =====================
    Info (332119):    -0.550              -0.550 clk 
Info: Analyzing Fast 900mV 100C Model
Info (332146): Worst-case setup slack is 0.263
    Info (332119):     Slack       End Point TNS Clock 
    Info (332119): ========= =================== =====================
    Info (332119):     0.263               0.000 clk 
Info (332146): Worst-case hold slack is 0.103
    Info (332119):     Slack       End Point TNS Clock 
    Info (332119): ========= =================== =====================
    Info (332119):     0.103               0.000 clk 
Info (332140): No Recovery paths to report
Info (332140): No Removal paths to report
Info (332146): Worst-case minimum pulse width slack is -0.550
    Info (332119):     Slack       End Point TNS Clock 
    Info (332119): ========= =================== =====================
    Info (332119):    -0.550              -0.550 clk 
Info: Analyzing Fast 900mV -40C Model
Info (332146): Worst-case setup slack is 0.328
    Info (332119):     Slack       End Point TNS Clock 
    Info (332119): ========= =================== =====================
    Info (332119):     0.328               0.000 clk 
Info (332146): Worst-case hold slack is 0.076
    Info (332119):     Slack       End Point TNS Clock 
    Info (332119): ========= =================== =====================
    Info (332119):     0.076               0.000 clk 
Info (332140): No Recovery paths to report
Info (332140): No Removal paths to report
Info (332146): Worst-case minimum pulse width slack is -0.550
    Info (332119):     Slack       End Point TNS Clock 
    Info (332119): ========= =================== =====================
    Info (332119):    -0.550              -0.550 clk 
Info (332102): Design is not fully constrained for setup requirements
Info (332102): Design is not fully constrained for hold requirements
Info: Quartus Prime TimeQuest Timing Analyzer was successful. 0 errors, 3 warnings
    Info: Peak virtual memory: 3020 megabytes
    Info: Processing ended: Thu Jul 27 15:47:43 2017
    Info: Elapsed time: 00:00:09
    Info: Total CPU time (on all processors): 00:00:12


