PowerPlay Power Analyzer report for braindrop
Fri Jul 21 14:55:57 2017
Quartus Prime Version 17.0.0 Build 595 04/25/2017 SJ Standard Edition


---------------------
; Table of Contents ;
---------------------
  1. Legal Notice
  2. Parallel Compilation
  3. PowerPlay Power Analyzer Summary
  4. Power Savings Summary
  5. PowerPlay Power Analyzer Settings
  6. Indeterminate Toggle Rates
  7. Operating Conditions Used
  8. Thermal Power Dissipation by Block Type
  9. Current Drawn per Supply
 10. I/O Current Drawn per Supply
 11. I/O Current Drawn by Voltage
 12. Confidence Metric Details
 13. Signal Activities
 14. PowerPlay Power Analyzer Messages



----------------
; Legal Notice ;
----------------
Copyright (C) 2017  Intel Corporation. All rights reserved.
Your use of Intel Corporation's design tools, logic functions 
and other software and tools, and its AMPP partner logic 
functions, and any output files from any of the foregoing 
(including device programming or simulation files), and any 
associated documentation or information are expressly subject 
to the terms and conditions of the Intel Program License 
Subscription Agreement, the Intel Quartus Prime License Agreement,
the Intel MegaCore Function License Agreement, or other 
applicable license agreement, including, without limitation, 
that your use is for the sole purpose of programming logic 
devices manufactured by Intel and sold by Intel or its 
authorized distributors.  Please refer to the applicable 
agreement for further details.



+------------------------------------------+
; Parallel Compilation                     ;
+----------------------------+-------------+
; Processors                 ; Number      ;
+----------------------------+-------------+
; Number detected on machine ; 8           ;
; Maximum allowed            ; 4           ;
;                            ;             ;
; Average used               ; 1.00        ;
; Maximum used               ; 4           ;
;                            ;             ;
; Usage by Processor         ; % Time Used ;
;     Processor 1            ; 100.0%      ;
;     Processors 2-4         ;   0.0%      ;
+----------------------------+-------------+


+--------------------------------------------------------------------------------------------------+
; PowerPlay Power Analyzer Summary                                                                 ;
+-----------------------------------------------+--------------------------------------------------+
; PowerPlay Power Analyzer Status               ; Successful - Fri Jul 21 14:55:57 2017            ;
; Quartus Prime Version                         ; 17.0.0 Build 595 04/25/2017 SJ Standard Edition  ;
; Revision Name                                 ; braindrop                                        ;
; Top-level Entity Name                         ; braindrop                                        ;
; Family                                        ; Arria 10                                         ;
; Device                                        ; 10AX115S2F45I2SGES                               ;
; Power Models                                  ; Final                                            ;
; Total Thermal Power Dissipation               ; 2033.40 mW                                       ;
; Transceiver Standby Thermal Power Dissipation ; 0.00 mW                                          ;
; Transceiver Dynamic Thermal Power Dissipation ; 0.00 mW                                          ;
; I/O Standby Thermal Power Dissipation         ; 0.13 mW                                          ;
; I/O Dynamic Thermal Power Dissipation         ; 0.00 mW                                          ;
; Core Dynamic Thermal Power Dissipation        ; 0.00 mW                                          ;
; Device Static Thermal Power Dissipation       ; 2033.28 mW                                       ;
; Power Estimation Confidence                   ; Low: user provided insufficient toggle rate data ;
+-----------------------------------------------+--------------------------------------------------+


+--------------------------------------+
; Power Savings Summary                ;
+------------------------+-------------+
; Power Savings Type     ; Power Saved ;
+------------------------+-------------+
; SmartVID Power Savings ; 0.00 mW     ;
+------------------------+-------------+


+------------------------------------------------------------------------------------------------------------------------------------+
; PowerPlay Power Analyzer Settings                                                                                                  ;
+----------------------------------------------------------------------------+---------------------------------------+---------------+
; Option                                                                     ; Setting                               ; Default Value ;
+----------------------------------------------------------------------------+---------------------------------------+---------------+
; Use smart compilation                                                      ; Off                                   ; Off           ;
; Enable parallel Assembler and TimeQuest Timing Analyzer during compilation ; On                                    ; On            ;
; Enable compact report table                                                ; Off                                   ; Off           ;
; Preset Cooling Solution                                                    ; 23 MM HEAT SINK WITH 200 LFPM AIRFLOW ;               ;
; Board thermal model                                                        ; None (CONSERVATIVE)                   ;               ;
; Default Power Toggle Rate                                                  ; 12.5%                                 ; 12.5%         ;
; Default Power Input I/O Toggle Rate                                        ; 12.5%                                 ; 12.5%         ;
; Use vectorless estimation                                                  ; On                                    ; On            ;
; Use Input Files                                                            ; Off                                   ; Off           ;
; Filter Glitches in VCD File Reader                                         ; On                                    ; On            ;
; Power Analyzer Report Signal Activity                                      ; Off                                   ; Off           ;
; Power Analyzer Report Power Dissipation                                    ; Off                                   ; Off           ;
; Device Power Characteristics                                               ; TYPICAL                               ; TYPICAL       ;
; Automatically Compute Junction Temperature                                 ; On                                    ; On            ;
; Specified Junction Temperature                                             ; 25                                    ; 25            ;
; Ambient Temperature                                                        ; 25                                    ; 25            ;
; Use Custom Cooling Solution                                                ; Off                                   ; Off           ;
; Board Temperature                                                          ; 25                                    ; 25            ;
; Enable HPS                                                                 ; Off                                   ; Off           ;
; Processor Frequency                                                        ; 0.0                                   ; 0.0           ;
; SmartVoltage ID                                                            ; Off                                   ; Off           ;
+----------------------------------------------------------------------------+---------------------------------------+---------------+


+------------------------------------+
; Indeterminate Toggle Rates         ;
+------+-----------------------------+
; Node ; Reason                      ;
+------+-----------------------------+
; I1   ; No valid clock domain found ;
; I2   ; No valid clock domain found ;
+------+-----------------------------+


+-------------------------------------------------------------------------+
; Operating Conditions Used                                               ;
+---------------------------------------------+---------------------------+
; Setting                                     ; Value                     ;
+---------------------------------------------+---------------------------+
; Device power characteristics                ; Typical                   ;
;                                             ;                           ;
; Voltages                                    ;                           ;
;     VCCP                                    ; 0.95 V                    ;
;     VCCPT                                   ; 1.80 V                    ;
;     VCCA_PLL                                ; 1.80 V                    ;
;     VCC                                     ; 0.95 V                    ;
;     VCCPGM                                  ; 1.80 V                    ;
;     VCCBAT                                  ; 1.80 V                    ;
;     VCCERAM                                 ; 0.95 V                    ;
;     1.8 V I/O Standard                      ; 1.8 V                     ;
;                                             ;                           ;
; Auto computed junction temperature          ; 28.1 degrees Celsius      ;
;     Ambient temperature                     ; 25.0 degrees Celsius      ;
;     Junction-to-Case thermal resistance     ; 0.10 degrees Celsius/Watt ;
;     Case-to-Heat Sink thermal resistance    ; 0.10 degrees Celsius/Watt ;
;     Heat Sink-to-Ambient thermal resistance ; 1.30 degrees Celsius/Watt ;
;                                             ;                           ;
; Board model used                            ; None                      ;
+---------------------------------------------+---------------------------+


+--------------------------------------------------------------------------------------------------------------------------------------------+
; Thermal Power Dissipation by Block Type                                                                                                    ;
+------------+-----------------------------------+-----------------------------+-----------------------------+-------------------------------+
; Block Type ; Total Thermal Power by Block Type ; Block Thermal Dynamic Power ; Block Thermal Standby Power ; Routing Thermal Dynamic Power ;
+------------+-----------------------------------+-----------------------------+-----------------------------+-------------------------------+
; IO Analog  ; 0.04 mW                           ; 0.00 mW                     ; 0.04 mW                     ; 0.00 mW                       ;
; IO Digital ; 0.09 mW                           ; 0.00 mW                     ; 0.09 mW                     ; 0.00 mW                       ;
+------------+-----------------------------------+-----------------------------+-----------------------------+-------------------------------+


+-------------------------------------------------------------------------------------------------------------+
; Current Drawn per Supply                                                                                    ;
+----------------+---------------------+-----------------------+-----------------------+----------------------+
; Voltage Supply ; Total Current Drawn ; Dynamic Current Drawn ; Standby Current Drawn ; Static Current Drawn ;
+----------------+---------------------+-----------------------+-----------------------+----------------------+
; VCCP           ; 131.08 mA           ; 0.00 mA               ; 0.10 mA               ; 130.98 mA            ;
; VCCPT          ; 203.69 mA           ; 0.00 mA               ; 0.02 mA               ; 203.67 mA            ;
; VCCA_PLL       ; 55.68 mA            ; 0.00 mA               ; 0.00 mA               ; 55.68 mA             ;
; VCC            ; 1511.19 mA          ; 0.00 mA               ; 0.00 mA               ; 1511.19 mA           ;
; VCCPGM         ; 0.00 mA             ; 0.00 mA               ; 0.00 mA               ; 0.00 mA              ;
; VCCBAT         ; 0.00 mA             ; 0.00 mA               ; 0.00 mA               ; 0.00 mA              ;
; VCCERAM        ; 5.49 mA             ; 0.00 mA               ; 0.00 mA               ; 5.49 mA              ;
+----------------+---------------------+-----------------------+-----------------------+----------------------+


+----------------------------------------------------------------------------------------------------------------+
; I/O Current Drawn per Supply                                                                                   ;
+---------+---------+---------------------+-----------------------+-----------------------+----------------------+
; Supply  ; Voltage ; Total Current Drawn ; Dynamic Current Drawn ; Standby Current Drawn ; Static Current Drawn ;
+---------+---------+---------------------+-----------------------+-----------------------+----------------------+
; VCCIO2A ; 1.8V    ; 0.08 mA             ; 0.00 mA               ; 0.00 mA               ; 0.08 mA              ;
; VCCIO2I ; 1.8V    ; 0.12 mA             ; 0.00 mA               ; 0.00 mA               ; 0.12 mA              ;
; VCCIO2J ; 1.8V    ; 0.04 mA             ; 0.00 mA               ; 0.00 mA               ; 0.04 mA              ;
; VCCIO2K ; 1.8V    ; 0.04 mA             ; 0.00 mA               ; 0.00 mA               ; 0.04 mA              ;
; VCCIO2L ; 1.8V    ; 0.04 mA             ; 0.00 mA               ; 0.00 mA               ; 0.04 mA              ;
; VCCIO3A ; 1.8V    ; 0.04 mA             ; 0.00 mA               ; 0.00 mA               ; 0.04 mA              ;
; VCCIO3B ; 1.8V    ; 0.04 mA             ; 0.00 mA               ; 0.00 mA               ; 0.04 mA              ;
; VCCIO3C ; 1.8V    ; 0.04 mA             ; 0.00 mA               ; 0.00 mA               ; 0.04 mA              ;
; VCCIO3D ; 1.8V    ; 0.04 mA             ; 0.00 mA               ; 0.00 mA               ; 0.04 mA              ;
; VCCIO3E ; 1.8V    ; 0.04 mA             ; 0.00 mA               ; 0.00 mA               ; 0.04 mA              ;
; VCCIO3F ; 1.8V    ; 0.04 mA             ; 0.00 mA               ; 0.00 mA               ; 0.04 mA              ;
; VCCIO3G ; 1.8V    ; 0.04 mA             ; 0.00 mA               ; 0.00 mA               ; 0.04 mA              ;
; VCCIO3H ; 1.8V    ; 0.04 mA             ; 0.00 mA               ; 0.00 mA               ; 0.04 mA              ;
+---------+---------+---------------------+-----------------------+-----------------------+----------------------+


+------------------------------------------------------------------------------------------------------+
; I/O Current Drawn by Voltage                                                                         ;
+---------+---------------------+-----------------------+-----------------------+----------------------+
; Voltage ; Total Current Drawn ; Dynamic Current Drawn ; Standby Current Drawn ; Static Current Drawn ;
+---------+---------------------+-----------------------+-----------------------+----------------------+
; 1.8V    ; 0.65 mA             ; 0.00 mA               ; 0.01 mA               ; 0.64 mA              ;
+---------+---------------------+-----------------------+-----------------------+----------------------+


+---------------------------------------------------------------------------------------------------------------------------------------------+
; Confidence Metric Details                                                                                                                   ;
+----------------------------------------------------------------------------------------+-----------+-----------+------------+---------------+
; Data Source                                                                            ; Total     ; Pin       ; Registered ; Combinational ;
+----------------------------------------------------------------------------------------+-----------+-----------+------------+---------------+
; Simulation (from file)                                                                 ;           ;           ;            ;               ;
;     -- Number of signals with Toggle Rate from Simulation                              ; 0 (0.0%)  ; 0 (0.0%)  ; 0 (100.0%) ; 0 (0.0%)      ;
;     -- Number of signals with Static Probability from Simulation                       ; 0 (0.0%)  ; 0 (0.0%)  ; 0 (100.0%) ; 0 (0.0%)      ;
;                                                                                        ;           ;           ;            ;               ;
; Node, entity or clock assignment                                                       ;           ;           ;            ;               ;
;     -- Number of signals with Toggle Rate from Node, entity or clock assignment        ; 0 (0.0%)  ; 0 (0.0%)  ; 0 (100.0%) ; 0 (0.0%)      ;
;     -- Number of signals with Static Probability from Node, entity or clock assignment ; 0 (0.0%)  ; 0 (0.0%)  ; 0 (100.0%) ; 0 (0.0%)      ;
;                                                                                        ;           ;           ;            ;               ;
; Vectorless estimation                                                                  ;           ;           ;            ;               ;
;     -- Number of signals with Toggle Rate from Vectorless estimation                   ; 5 (62.5%) ; 1 (25.0%) ; 0 (100.0%) ; 4 (100.0%)    ;
;     -- Number of signals with Zero toggle rate, from Vectorless estimation             ; 5 (62.5%) ; 1 (25.0%) ; 0 (100.0%) ; 4 (100.0%)    ;
;     -- Number of signals with Static Probability from Vectorless estimation            ; 5 (62.5%) ; 1 (25.0%) ; 0 (100.0%) ; 4 (100.0%)    ;
;                                                                                        ;           ;           ;            ;               ;
; Default assignment                                                                     ;           ;           ;            ;               ;
;     -- Number of signals with Toggle Rate from Default assignment                      ; 0 (0.0%)  ; 0 (0.0%)  ; 0 (100.0%) ; 0 (0.0%)      ;
;     -- Number of signals with Static Probability from Default assignment               ; 3 (37.5%) ; 3 (75.0%) ; 0 (100.0%) ; 0 (0.0%)      ;
;                                                                                        ;           ;           ;            ;               ;
; Assumed 0                                                                              ;           ;           ;            ;               ;
;     -- Number of signals with Toggle Rate assumed 0                                    ; 3 (37.5%) ; 3 (75.0%) ; 0 (100.0%) ; 0 (0.0%)      ;
+----------------------------------------------------------------------------------------+-----------+-----------+------------+---------------+


+---------------------------------------------------------------------------------------------------------------------------------------------+
; Signal Activities                                                                                                                           ;
+--------+------+---------------------------------------------+-------------------------+--------------------+--------------------------------+
; Signal ; Type ; Toggle Rate (millions of transitions / sec) ; Toggle Rate Data Source ; Static Probability ; Static Probability Data Source ;
+--------+------+---------------------------------------------+-------------------------+--------------------+--------------------------------+
(1) The "Signal Activity" Table has been hidden. To show this table, please select the "Write signal activities to report file" option under "PowerPlay Power Analyzer Settings".


+-----------------------------------+
; PowerPlay Power Analyzer Messages ;
+-----------------------------------+
Info: *******************************************************************
Info: Running Quartus Prime PowerPlay Power Analyzer
    Info: Version 17.0.0 Build 595 04/25/2017 SJ Standard Edition
    Info: Processing started: Fri Jul 21 14:55:49 2017
Info: Command: quartus_pow --read_settings_files=on --write_settings_files=off braindrop -c braindrop
Warning (18236): Number of processors has not been specified which may cause overloading on shared machines.  Set the global assignment NUM_PARALLEL_PROCESSORS in your QSF to an appropriate value for best performance.
Info (21077): Low junction temperature is 0 degrees C
Info (21077): High junction temperature is 100 degrees C
Critical Warning (332012): Synopsys Design Constraints File file not found: 'braindrop.sdc'. A Synopsys Design Constraints File is required by the TimeQuest Timing Analyzer to get proper timing constraints. Without it, the Compiler will not properly optimize the design.
Warning (332068): No clocks defined in design.
Info (332143): No user constrained clock uncertainty found in the design. Calling "derive_clock_uncertainty"
Info (332154): The derive_clock_uncertainty command did not apply clock uncertainty to any clock-to-clock transfers.
Warning (332068): No clocks defined in design.
Info (332154): The derive_clock_uncertainty command did not apply clock uncertainty to any clock-to-clock transfers.
Warning (332068): No clocks defined in design.
Info (332154): The derive_clock_uncertainty command did not apply clock uncertainty to any clock-to-clock transfers.
Warning (332068): No clocks defined in design.
Info (332154): The derive_clock_uncertainty command did not apply clock uncertainty to any clock-to-clock transfers.
Info (223000): Starting Vectorless Power Activity Estimation
Warning (222013): Relative toggle rates could not be calculated because no clock domain could be identified for some nodes
Info (223001): Completed Vectorless Power Activity Estimation
Info (218000): Using Advanced I/O Power to simulate I/O buffers with the specified board trace model
Warning (18291): Timing characteristics of device 10AX115S2F45I2SGES are preliminary
Info (215049): Average toggle rate for this design is 0.000 millions of transitions / sec
Info (215031): Total thermal power estimate for the design is 2033.40 mW
Info: Quartus Prime PowerPlay Power Analyzer was successful. 0 errors, 8 warnings
    Info: Peak virtual memory: 2679 megabytes
    Info: Processing ended: Fri Jul 21 14:55:57 2017
    Info: Elapsed time: 00:00:08
    Info: Total CPU time (on all processors): 00:00:08


